GROUP : 10000, Test Num : 1
# Executed 10000 pipe operations between two tasks

     Total time: 0.846 [sec]

      84.610400 usecs/op
          11818 ops/sec
GROUP : 10000, Test Num : 2
# Executed 10000 pipe operations between two tasks

     Total time: 0.916 [sec]

      91.659700 usecs/op
          10909 ops/sec
GROUP : 10000, Test Num : 3
# Executed 10000 pipe operations between two tasks

     Total time: 0.846 [sec]

      84.640000 usecs/op
          11814 ops/sec
GROUP : 10000, Test Num : 4
# Executed 10000 pipe operations between two tasks

     Total time: 0.854 [sec]

      85.409800 usecs/op
          11708 ops/sec
GROUP : 10000, Test Num : 5
# Executed 10000 pipe operations between two tasks

     Total time: 0.859 [sec]

      85.994600 usecs/op
          11628 ops/sec
GROUP : 10000, Test Num : 6
# Executed 10000 pipe operations between two tasks

     Total time: 0.850 [sec]

      85.017900 usecs/op
          11762 ops/sec
GROUP : 10000, Test Num : 7
# Executed 10000 pipe operations between two tasks

     Total time: 0.899 [sec]

      89.945000 usecs/op
          11117 ops/sec
GROUP : 10000, Test Num : 8
# Executed 10000 pipe operations between two tasks

     Total time: 0.874 [sec]

      87.403800 usecs/op
          11441 ops/sec
GROUP : 10000, Test Num : 9
# Executed 10000 pipe operations between two tasks

     Total time: 0.862 [sec]

      86.297700 usecs/op
          11587 ops/sec
GROUP : 10000, Test Num : 10
# Executed 10000 pipe operations between two tasks

     Total time: 0.902 [sec]

      90.240600 usecs/op
          11081 ops/sec
GROUP : 10000, Test Num : 11
# Executed 10000 pipe operations between two tasks

     Total time: 0.858 [sec]

      85.821800 usecs/op
          11652 ops/sec
GROUP : 10000, Test Num : 12
# Executed 10000 pipe operations between two tasks

     Total time: 0.848 [sec]

      84.821600 usecs/op
          11789 ops/sec
GROUP : 10000, Test Num : 13
# Executed 10000 pipe operations between two tasks

     Total time: 0.921 [sec]

      92.159900 usecs/op
          10850 ops/sec
GROUP : 10000, Test Num : 14
# Executed 10000 pipe operations between two tasks

     Total time: 0.871 [sec]

      87.174000 usecs/op
          11471 ops/sec
GROUP : 10000, Test Num : 15
# Executed 10000 pipe operations between two tasks

     Total time: 0.910 [sec]

      91.053100 usecs/op
          10982 ops/sec
GROUP : 10000, Test Num : 16
# Executed 10000 pipe operations between two tasks

     Total time: 0.913 [sec]

      91.327400 usecs/op
          10949 ops/sec
GROUP : 10000, Test Num : 17
# Executed 10000 pipe operations between two tasks

     Total time: 0.831 [sec]

      83.176600 usecs/op
          12022 ops/sec
GROUP : 10000, Test Num : 18
# Executed 10000 pipe operations between two tasks

     Total time: 0.832 [sec]

      83.227700 usecs/op
          12015 ops/sec
GROUP : 10000, Test Num : 19
# Executed 10000 pipe operations between two tasks

     Total time: 0.906 [sec]

      90.662900 usecs/op
          11029 ops/sec
GROUP : 10000, Test Num : 20
# Executed 10000 pipe operations between two tasks

     Total time: 0.916 [sec]

      91.677100 usecs/op
          10907 ops/sec
GROUP : 10000, Test Num : 21
# Executed 10000 pipe operations between two tasks

     Total time: 0.854 [sec]

      85.460800 usecs/op
          11701 ops/sec
GROUP : 10000, Test Num : 22
# Executed 10000 pipe operations between two tasks

     Total time: 0.898 [sec]

      89.866900 usecs/op
          11127 ops/sec
GROUP : 10000, Test Num : 23
# Executed 10000 pipe operations between two tasks

     Total time: 0.894 [sec]

      89.401300 usecs/op
          11185 ops/sec
GROUP : 10000, Test Num : 24
# Executed 10000 pipe operations between two tasks

     Total time: 0.907 [sec]

      90.780800 usecs/op
          11015 ops/sec
GROUP : 10000, Test Num : 25
# Executed 10000 pipe operations between two tasks

     Total time: 0.900 [sec]

      90.095200 usecs/op
          11099 ops/sec
GROUP : 10000, Test Num : 26
# Executed 10000 pipe operations between two tasks

     Total time: 0.896 [sec]

      89.682500 usecs/op
          11150 ops/sec
GROUP : 10000, Test Num : 27
# Executed 10000 pipe operations between two tasks

     Total time: 0.838 [sec]

      83.882200 usecs/op
          11921 ops/sec
GROUP : 10000, Test Num : 28
# Executed 10000 pipe operations between two tasks

     Total time: 0.916 [sec]

      91.648600 usecs/op
          10911 ops/sec
GROUP : 10000, Test Num : 29
# Executed 10000 pipe operations between two tasks

     Total time: 0.833 [sec]

      83.392400 usecs/op
          11991 ops/sec
GROUP : 10000, Test Num : 30
# Executed 10000 pipe operations between two tasks

     Total time: 0.833 [sec]

      83.368200 usecs/op
          11994 ops/sec
GROUP : 10000, Test Num : 31
# Executed 10000 pipe operations between two tasks

     Total time: 0.911 [sec]

      91.127900 usecs/op
          10973 ops/sec
GROUP : 10000, Test Num : 32
# Executed 10000 pipe operations between two tasks

     Total time: 0.906 [sec]

      90.649000 usecs/op
          11031 ops/sec
GROUP : 10000, Test Num : 33
# Executed 10000 pipe operations between two tasks

     Total time: 0.903 [sec]

      90.349500 usecs/op
          11068 ops/sec
GROUP : 10000, Test Num : 34
# Executed 10000 pipe operations between two tasks

     Total time: 0.893 [sec]

      89.323000 usecs/op
          11195 ops/sec
GROUP : 10000, Test Num : 35
# Executed 10000 pipe operations between two tasks

     Total time: 0.901 [sec]

      90.104900 usecs/op
          11098 ops/sec
GROUP : 10000, Test Num : 36
# Executed 10000 pipe operations between two tasks

     Total time: 0.912 [sec]

      91.232600 usecs/op
          10960 ops/sec
GROUP : 10000, Test Num : 37
# Executed 10000 pipe operations between two tasks

     Total time: 0.909 [sec]

      90.957100 usecs/op
          10994 ops/sec
GROUP : 10000, Test Num : 38
# Executed 10000 pipe operations between two tasks

     Total time: 0.831 [sec]

      83.116400 usecs/op
          12031 ops/sec
GROUP : 10000, Test Num : 39
# Executed 10000 pipe operations between two tasks

     Total time: 0.903 [sec]

      90.352100 usecs/op
          11067 ops/sec
GROUP : 10000, Test Num : 40
# Executed 10000 pipe operations between two tasks

     Total time: 0.909 [sec]

      90.948600 usecs/op
          10995 ops/sec
GROUP : 10000, Test Num : 41
# Executed 10000 pipe operations between two tasks

     Total time: 0.907 [sec]

      90.771600 usecs/op
          11016 ops/sec
GROUP : 10000, Test Num : 42
# Executed 10000 pipe operations between two tasks

     Total time: 0.919 [sec]

      91.980100 usecs/op
          10871 ops/sec
GROUP : 10000, Test Num : 43
# Executed 10000 pipe operations between two tasks

     Total time: 0.826 [sec]

      82.600700 usecs/op
          12106 ops/sec
GROUP : 10000, Test Num : 44
# Executed 10000 pipe operations between two tasks

     Total time: 0.893 [sec]

      89.365600 usecs/op
          11189 ops/sec
GROUP : 10000, Test Num : 45
# Executed 10000 pipe operations between two tasks

     Total time: 0.863 [sec]

      86.316100 usecs/op
          11585 ops/sec
GROUP : 10000, Test Num : 46
# Executed 10000 pipe operations between two tasks

     Total time: 0.889 [sec]

      88.917600 usecs/op
          11246 ops/sec
GROUP : 10000, Test Num : 47
# Executed 10000 pipe operations between two tasks

     Total time: 0.907 [sec]

      90.706100 usecs/op
          11024 ops/sec
GROUP : 10000, Test Num : 48
# Executed 10000 pipe operations between two tasks

     Total time: 0.813 [sec]

      81.312400 usecs/op
          12298 ops/sec
GROUP : 10000, Test Num : 49
# Executed 10000 pipe operations between two tasks

     Total time: 0.899 [sec]

      89.982600 usecs/op
          11113 ops/sec
GROUP : 10000, Test Num : 50
# Executed 10000 pipe operations between two tasks

     Total time: 0.895 [sec]

      89.532900 usecs/op
          11169 ops/sec
GROUP : 10000, Test Num : 51
# Executed 10000 pipe operations between two tasks

     Total time: 0.889 [sec]

      88.918400 usecs/op
          11246 ops/sec
GROUP : 10000, Test Num : 52
# Executed 10000 pipe operations between two tasks

     Total time: 0.853 [sec]

      85.338000 usecs/op
          11718 ops/sec
GROUP : 10000, Test Num : 53
# Executed 10000 pipe operations between two tasks

     Total time: 0.875 [sec]

      87.573900 usecs/op
          11418 ops/sec
GROUP : 10000, Test Num : 54
# Executed 10000 pipe operations between two tasks

     Total time: 0.904 [sec]

      90.471200 usecs/op
          11053 ops/sec
GROUP : 10000, Test Num : 55
# Executed 10000 pipe operations between two tasks

     Total time: 0.856 [sec]

      85.637500 usecs/op
          11677 ops/sec
GROUP : 10000, Test Num : 56
# Executed 10000 pipe operations between two tasks

     Total time: 0.891 [sec]

      89.104300 usecs/op
          11222 ops/sec
GROUP : 10000, Test Num : 57
# Executed 10000 pipe operations between two tasks

     Total time: 0.890 [sec]

      89.062300 usecs/op
          11228 ops/sec
GROUP : 10000, Test Num : 58
# Executed 10000 pipe operations between two tasks

     Total time: 0.898 [sec]

      89.830300 usecs/op
          11132 ops/sec
GROUP : 10000, Test Num : 59
# Executed 10000 pipe operations between two tasks

     Total time: 0.842 [sec]

      84.291700 usecs/op
          11863 ops/sec
GROUP : 10000, Test Num : 60
# Executed 10000 pipe operations between two tasks

     Total time: 0.896 [sec]

      89.681000 usecs/op
          11150 ops/sec
GROUP : 10000, Test Num : 61
# Executed 10000 pipe operations between two tasks

     Total time: 0.895 [sec]

      89.528800 usecs/op
          11169 ops/sec
GROUP : 10000, Test Num : 62
# Executed 10000 pipe operations between two tasks

     Total time: 0.895 [sec]

      89.501300 usecs/op
          11173 ops/sec
GROUP : 10000, Test Num : 63
# Executed 10000 pipe operations between two tasks

     Total time: 0.891 [sec]

      89.180800 usecs/op
          11213 ops/sec
GROUP : 10000, Test Num : 64
# Executed 10000 pipe operations between two tasks

     Total time: 0.867 [sec]

      86.737000 usecs/op
          11529 ops/sec
GROUP : 10000, Test Num : 65
# Executed 10000 pipe operations between two tasks

     Total time: 0.907 [sec]

      90.713800 usecs/op
          11023 ops/sec
GROUP : 10000, Test Num : 66
# Executed 10000 pipe operations between two tasks

     Total time: 0.850 [sec]

      85.055300 usecs/op
          11757 ops/sec
GROUP : 10000, Test Num : 67
# Executed 10000 pipe operations between two tasks

     Total time: 0.891 [sec]

      89.196200 usecs/op
          11211 ops/sec
GROUP : 10000, Test Num : 68
# Executed 10000 pipe operations between two tasks

     Total time: 0.880 [sec]

      88.089500 usecs/op
          11352 ops/sec
GROUP : 10000, Test Num : 69
# Executed 10000 pipe operations between two tasks

     Total time: 0.896 [sec]

      89.671700 usecs/op
          11151 ops/sec
GROUP : 10000, Test Num : 70
# Executed 10000 pipe operations between two tasks

     Total time: 0.907 [sec]

      90.790400 usecs/op
          11014 ops/sec
GROUP : 10000, Test Num : 71
# Executed 10000 pipe operations between two tasks

     Total time: 0.898 [sec]

      89.818100 usecs/op
          11133 ops/sec
GROUP : 10000, Test Num : 72
# Executed 10000 pipe operations between two tasks

     Total time: 0.890 [sec]

      89.056300 usecs/op
          11228 ops/sec
GROUP : 10000, Test Num : 73
# Executed 10000 pipe operations between two tasks

     Total time: 0.913 [sec]

      91.309100 usecs/op
          10951 ops/sec
GROUP : 10000, Test Num : 74
# Executed 10000 pipe operations between two tasks

     Total time: 0.850 [sec]

      85.014100 usecs/op
          11762 ops/sec
GROUP : 10000, Test Num : 75
# Executed 10000 pipe operations between two tasks

     Total time: 0.891 [sec]

      89.124400 usecs/op
          11220 ops/sec
GROUP : 10000, Test Num : 76
# Executed 10000 pipe operations between two tasks

     Total time: 0.907 [sec]

      90.707100 usecs/op
          11024 ops/sec
GROUP : 10000, Test Num : 77
# Executed 10000 pipe operations between two tasks

     Total time: 0.902 [sec]

      90.276700 usecs/op
          11077 ops/sec
GROUP : 10000, Test Num : 78
# Executed 10000 pipe operations between two tasks

     Total time: 0.911 [sec]

      91.159700 usecs/op
          10969 ops/sec
GROUP : 10000, Test Num : 79
# Executed 10000 pipe operations between two tasks

     Total time: 0.905 [sec]

      90.573800 usecs/op
          11040 ops/sec
GROUP : 10000, Test Num : 80
# Executed 10000 pipe operations between two tasks

     Total time: 0.903 [sec]

      90.337300 usecs/op
          11069 ops/sec
GROUP : 10000, Test Num : 81
# Executed 10000 pipe operations between two tasks

     Total time: 0.907 [sec]

      90.700100 usecs/op
          11025 ops/sec
GROUP : 10000, Test Num : 82
# Executed 10000 pipe operations between two tasks

     Total time: 0.902 [sec]

      90.257700 usecs/op
          11079 ops/sec
GROUP : 10000, Test Num : 83
# Executed 10000 pipe operations between two tasks

     Total time: 0.841 [sec]

      84.128800 usecs/op
          11886 ops/sec
GROUP : 10000, Test Num : 84
# Executed 10000 pipe operations between two tasks

     Total time: 0.896 [sec]

      89.644200 usecs/op
          11155 ops/sec
GROUP : 10000, Test Num : 85
# Executed 10000 pipe operations between two tasks

     Total time: 0.903 [sec]

      90.393800 usecs/op
          11062 ops/sec
GROUP : 10000, Test Num : 86
# Executed 10000 pipe operations between two tasks

     Total time: 0.904 [sec]

      90.439400 usecs/op
          11057 ops/sec
GROUP : 10000, Test Num : 87
# Executed 10000 pipe operations between two tasks

     Total time: 0.840 [sec]

      84.070700 usecs/op
          11894 ops/sec
GROUP : 10000, Test Num : 88
# Executed 10000 pipe operations between two tasks

     Total time: 0.909 [sec]

      90.990600 usecs/op
          10990 ops/sec
GROUP : 10000, Test Num : 89
# Executed 10000 pipe operations between two tasks

     Total time: 0.889 [sec]

      88.935200 usecs/op
          11244 ops/sec
GROUP : 10000, Test Num : 90
# Executed 10000 pipe operations between two tasks

     Total time: 0.851 [sec]

      85.167400 usecs/op
          11741 ops/sec
GROUP : 10000, Test Num : 91
# Executed 10000 pipe operations between two tasks

     Total time: 0.912 [sec]

      91.245600 usecs/op
          10959 ops/sec
GROUP : 10000, Test Num : 92
# Executed 10000 pipe operations between two tasks

     Total time: 0.857 [sec]

      85.767300 usecs/op
          11659 ops/sec
GROUP : 10000, Test Num : 93
# Executed 10000 pipe operations between two tasks

     Total time: 0.914 [sec]

      91.430300 usecs/op
          10937 ops/sec
GROUP : 10000, Test Num : 94
# Executed 10000 pipe operations between two tasks

     Total time: 0.827 [sec]

      82.763300 usecs/op
          12082 ops/sec
GROUP : 10000, Test Num : 95
# Executed 10000 pipe operations between two tasks

     Total time: 0.912 [sec]

      91.250100 usecs/op
          10958 ops/sec
GROUP : 10000, Test Num : 96
# Executed 10000 pipe operations between two tasks

     Total time: 0.848 [sec]

      84.890200 usecs/op
          11779 ops/sec
GROUP : 10000, Test Num : 97
# Executed 10000 pipe operations between two tasks

     Total time: 0.900 [sec]

      90.074800 usecs/op
          11101 ops/sec
GROUP : 10000, Test Num : 98
# Executed 10000 pipe operations between two tasks

     Total time: 0.906 [sec]

      90.651300 usecs/op
          11031 ops/sec
GROUP : 10000, Test Num : 99
# Executed 10000 pipe operations between two tasks

     Total time: 0.876 [sec]

      87.667600 usecs/op
          11406 ops/sec
GROUP : 10000, Test Num : 100
# Executed 10000 pipe operations between two tasks

     Total time: 0.921 [sec]

      92.114800 usecs/op
          10856 ops/sec
