GROUP : 500, Test Num : 1
# Executed 500 pipe operations between two tasks

     Total time: 0.044 [sec]

      88.868000 usecs/op
          11252 ops/sec
GROUP : 500, Test Num : 2
# Executed 500 pipe operations between two tasks

     Total time: 0.044 [sec]

      89.006000 usecs/op
          11235 ops/sec
GROUP : 500, Test Num : 3
# Executed 500 pipe operations between two tasks

     Total time: 0.043 [sec]

      86.696000 usecs/op
          11534 ops/sec
GROUP : 500, Test Num : 4
# Executed 500 pipe operations between two tasks

     Total time: 0.041 [sec]

      82.950000 usecs/op
          12055 ops/sec
GROUP : 500, Test Num : 5
# Executed 500 pipe operations between two tasks

     Total time: 0.041 [sec]

      83.662000 usecs/op
          11952 ops/sec
GROUP : 500, Test Num : 6
# Executed 500 pipe operations between two tasks

     Total time: 0.044 [sec]

      88.142000 usecs/op
          11345 ops/sec
GROUP : 500, Test Num : 7
# Executed 500 pipe operations between two tasks

     Total time: 0.036 [sec]

      72.254000 usecs/op
          13840 ops/sec
GROUP : 500, Test Num : 8
# Executed 500 pipe operations between two tasks

     Total time: 0.034 [sec]

      68.822000 usecs/op
          14530 ops/sec
GROUP : 500, Test Num : 9
# Executed 500 pipe operations between two tasks

     Total time: 0.040 [sec]

      81.046000 usecs/op
          12338 ops/sec
GROUP : 500, Test Num : 10
# Executed 500 pipe operations between two tasks

     Total time: 0.040 [sec]

      80.124000 usecs/op
          12480 ops/sec
