GROUP : 600, Test Num : 1
# Executed 600 pipe operations between two tasks

     Total time: 0.030 [sec]

      50.818333 usecs/op
          19677 ops/sec
GROUP : 600, Test Num : 2
# Executed 600 pipe operations between two tasks

     Total time: 0.031 [sec]

      51.798333 usecs/op
          19305 ops/sec
GROUP : 600, Test Num : 3
# Executed 600 pipe operations between two tasks

     Total time: 0.029 [sec]

      48.671667 usecs/op
          20545 ops/sec
GROUP : 600, Test Num : 4
# Executed 600 pipe operations between two tasks

     Total time: 0.030 [sec]

      51.260000 usecs/op
          19508 ops/sec
GROUP : 600, Test Num : 5
# Executed 600 pipe operations between two tasks

     Total time: 0.049 [sec]

      82.423333 usecs/op
          12132 ops/sec
GROUP : 600, Test Num : 6
# Executed 600 pipe operations between two tasks

     Total time: 0.050 [sec]

      83.573333 usecs/op
          11965 ops/sec
GROUP : 600, Test Num : 7
# Executed 600 pipe operations between two tasks

     Total time: 0.050 [sec]

      84.390000 usecs/op
          11849 ops/sec
GROUP : 600, Test Num : 8
# Executed 600 pipe operations between two tasks

     Total time: 0.051 [sec]

      85.946667 usecs/op
          11635 ops/sec
GROUP : 600, Test Num : 9
# Executed 600 pipe operations between two tasks

     Total time: 0.040 [sec]

      67.938333 usecs/op
          14719 ops/sec
GROUP : 600, Test Num : 10
# Executed 600 pipe operations between two tasks

     Total time: 0.038 [sec]

      64.610000 usecs/op
          15477 ops/sec
