GROUP : 100000, Test Num : 1
# Executed 100000 pipe operations between two tasks

     Total time: 9.136 [sec]

      91.365920 usecs/op
          10945 ops/sec
GROUP : 100000, Test Num : 2
# Executed 100000 pipe operations between two tasks

     Total time: 9.248 [sec]

      92.485410 usecs/op
          10812 ops/sec
GROUP : 100000, Test Num : 3
# Executed 100000 pipe operations between two tasks

     Total time: 9.236 [sec]

      92.363110 usecs/op
          10826 ops/sec
GROUP : 100000, Test Num : 4
# Executed 100000 pipe operations between two tasks

     Total time: 9.165 [sec]

      91.655400 usecs/op
          10910 ops/sec
GROUP : 100000, Test Num : 5
# Executed 100000 pipe operations between two tasks

     Total time: 9.235 [sec]

      92.350470 usecs/op
          10828 ops/sec
GROUP : 100000, Test Num : 6
# Executed 100000 pipe operations between two tasks

     Total time: 9.211 [sec]

      92.119190 usecs/op
          10855 ops/sec
GROUP : 100000, Test Num : 7
# Executed 100000 pipe operations between two tasks

     Total time: 9.254 [sec]

      92.548980 usecs/op
          10805 ops/sec
GROUP : 100000, Test Num : 8
# Executed 100000 pipe operations between two tasks

     Total time: 9.184 [sec]

      91.844180 usecs/op
          10888 ops/sec
GROUP : 100000, Test Num : 9
# Executed 100000 pipe operations between two tasks

     Total time: 9.117 [sec]

      91.179350 usecs/op
          10967 ops/sec
GROUP : 100000, Test Num : 10
# Executed 100000 pipe operations between two tasks

     Total time: 9.217 [sec]

      92.173860 usecs/op
          10849 ops/sec
