GROUP : 40000, Test Num : 1
# Executed 40000 pipe operations between two tasks

     Total time: 3.563 [sec]

      89.087100 usecs/op
          11224 ops/sec
GROUP : 40000, Test Num : 2
# Executed 40000 pipe operations between two tasks

     Total time: 3.652 [sec]

      91.310525 usecs/op
          10951 ops/sec
GROUP : 40000, Test Num : 3
# Executed 40000 pipe operations between two tasks

     Total time: 3.665 [sec]

      91.648575 usecs/op
          10911 ops/sec
GROUP : 40000, Test Num : 4
# Executed 40000 pipe operations between two tasks

     Total time: 3.633 [sec]

      90.845350 usecs/op
          11007 ops/sec
GROUP : 40000, Test Num : 5
# Executed 40000 pipe operations between two tasks

     Total time: 3.651 [sec]

      91.276525 usecs/op
          10955 ops/sec
GROUP : 40000, Test Num : 6
# Executed 40000 pipe operations between two tasks

     Total time: 3.599 [sec]

      89.978200 usecs/op
          11113 ops/sec
GROUP : 40000, Test Num : 7
# Executed 40000 pipe operations between two tasks

     Total time: 3.691 [sec]

      92.276025 usecs/op
          10837 ops/sec
GROUP : 40000, Test Num : 8
# Executed 40000 pipe operations between two tasks

     Total time: 3.737 [sec]

      93.442750 usecs/op
          10701 ops/sec
GROUP : 40000, Test Num : 9
# Executed 40000 pipe operations between two tasks

     Total time: 3.704 [sec]

      92.616675 usecs/op
          10797 ops/sec
GROUP : 40000, Test Num : 10
# Executed 40000 pipe operations between two tasks

     Total time: 3.672 [sec]

      91.810675 usecs/op
          10891 ops/sec
