GROUP : 90000, Test Num : 1
# Executed 90000 pipe operations between two tasks

     Total time: 8.157 [sec]

      90.634678 usecs/op
          11033 ops/sec
GROUP : 90000, Test Num : 2
# Executed 90000 pipe operations between two tasks

     Total time: 8.273 [sec]

      91.933111 usecs/op
          10877 ops/sec
GROUP : 90000, Test Num : 3
# Executed 90000 pipe operations between two tasks

     Total time: 8.365 [sec]

      92.952233 usecs/op
          10758 ops/sec
GROUP : 90000, Test Num : 4
# Executed 90000 pipe operations between two tasks

     Total time: 8.376 [sec]

      93.071800 usecs/op
          10744 ops/sec
GROUP : 90000, Test Num : 5
# Executed 90000 pipe operations between two tasks

     Total time: 8.347 [sec]

      92.749244 usecs/op
          10781 ops/sec
GROUP : 90000, Test Num : 6
# Executed 90000 pipe operations between two tasks

     Total time: 8.305 [sec]

      92.286367 usecs/op
          10835 ops/sec
GROUP : 90000, Test Num : 7
# Executed 90000 pipe operations between two tasks

     Total time: 8.393 [sec]

      93.261000 usecs/op
          10722 ops/sec
GROUP : 90000, Test Num : 8
# Executed 90000 pipe operations between two tasks

     Total time: 8.351 [sec]

      92.797233 usecs/op
          10776 ops/sec
GROUP : 90000, Test Num : 9
# Executed 90000 pipe operations between two tasks

     Total time: 8.354 [sec]

      92.828822 usecs/op
          10772 ops/sec
GROUP : 90000, Test Num : 10
# Executed 90000 pipe operations between two tasks

     Total time: 8.292 [sec]

      92.141389 usecs/op
          10852 ops/sec
