GROUP : 100000, Test Num : 1
# Executed 100000 pipe operations between two tasks

     Total time: 9.074 [sec]

      90.748550 usecs/op
          11019 ops/sec
GROUP : 100000, Test Num : 2
# Executed 100000 pipe operations between two tasks

     Total time: 9.160 [sec]

      91.607800 usecs/op
          10916 ops/sec
GROUP : 100000, Test Num : 3
# Executed 100000 pipe operations between two tasks

     Total time: 9.195 [sec]

      91.954300 usecs/op
          10874 ops/sec
GROUP : 100000, Test Num : 4
# Executed 100000 pipe operations between two tasks

     Total time: 9.134 [sec]

      91.346720 usecs/op
          10947 ops/sec
GROUP : 100000, Test Num : 5
# Executed 100000 pipe operations between two tasks

     Total time: 9.105 [sec]

      91.058190 usecs/op
          10981 ops/sec
GROUP : 100000, Test Num : 6
# Executed 100000 pipe operations between two tasks

     Total time: 9.138 [sec]

      91.388400 usecs/op
          10942 ops/sec
GROUP : 100000, Test Num : 7
# Executed 100000 pipe operations between two tasks

     Total time: 9.198 [sec]

      91.980530 usecs/op
          10871 ops/sec
GROUP : 100000, Test Num : 8
# Executed 100000 pipe operations between two tasks

     Total time: 9.264 [sec]

      92.641960 usecs/op
          10794 ops/sec
GROUP : 100000, Test Num : 9
# Executed 100000 pipe operations between two tasks

     Total time: 9.068 [sec]

      90.681970 usecs/op
          11027 ops/sec
GROUP : 100000, Test Num : 10
# Executed 100000 pipe operations between two tasks

     Total time: 9.272 [sec]

      92.725240 usecs/op
          10784 ops/sec
GROUP : 100000, Test Num : 11
# Executed 100000 pipe operations between two tasks

     Total time: 9.242 [sec]

      92.421680 usecs/op
          10819 ops/sec
GROUP : 100000, Test Num : 12
# Executed 100000 pipe operations between two tasks

     Total time: 9.158 [sec]

      91.583900 usecs/op
          10918 ops/sec
GROUP : 100000, Test Num : 13
# Executed 100000 pipe operations between two tasks

     Total time: 9.082 [sec]

      90.822980 usecs/op
          11010 ops/sec
GROUP : 100000, Test Num : 14
# Executed 100000 pipe operations between two tasks

     Total time: 9.189 [sec]

      91.893100 usecs/op
          10882 ops/sec
GROUP : 100000, Test Num : 15
# Executed 100000 pipe operations between two tasks

     Total time: 9.075 [sec]

      90.757660 usecs/op
          11018 ops/sec
GROUP : 100000, Test Num : 16
# Executed 100000 pipe operations between two tasks

     Total time: 9.177 [sec]

      91.777460 usecs/op
          10895 ops/sec
GROUP : 100000, Test Num : 17
# Executed 100000 pipe operations between two tasks

     Total time: 9.116 [sec]

      91.160140 usecs/op
          10969 ops/sec
GROUP : 100000, Test Num : 18
# Executed 100000 pipe operations between two tasks

     Total time: 9.244 [sec]

      92.445950 usecs/op
          10817 ops/sec
GROUP : 100000, Test Num : 19
# Executed 100000 pipe operations between two tasks

     Total time: 9.209 [sec]

      92.094550 usecs/op
          10858 ops/sec
GROUP : 100000, Test Num : 20
# Executed 100000 pipe operations between two tasks

     Total time: 9.176 [sec]

      91.767310 usecs/op
          10897 ops/sec
GROUP : 100000, Test Num : 21
# Executed 100000 pipe operations between two tasks

     Total time: 9.084 [sec]

      90.843390 usecs/op
          11007 ops/sec
GROUP : 100000, Test Num : 22
# Executed 100000 pipe operations between two tasks

     Total time: 9.198 [sec]

      91.980600 usecs/op
          10871 ops/sec
GROUP : 100000, Test Num : 23
# Executed 100000 pipe operations between two tasks

     Total time: 9.168 [sec]

      91.684080 usecs/op
          10907 ops/sec
GROUP : 100000, Test Num : 24
# Executed 100000 pipe operations between two tasks

     Total time: 9.071 [sec]

      90.718130 usecs/op
          11023 ops/sec
GROUP : 100000, Test Num : 25
# Executed 100000 pipe operations between two tasks

     Total time: 9.154 [sec]

      91.542370 usecs/op
          10923 ops/sec
GROUP : 100000, Test Num : 26
# Executed 100000 pipe operations between two tasks

     Total time: 9.162 [sec]

      91.626240 usecs/op
          10913 ops/sec
GROUP : 100000, Test Num : 27
# Executed 100000 pipe operations between two tasks

     Total time: 9.182 [sec]

      91.826470 usecs/op
          10890 ops/sec
GROUP : 100000, Test Num : 28
# Executed 100000 pipe operations between two tasks

     Total time: 9.300 [sec]

      93.009660 usecs/op
          10751 ops/sec
GROUP : 100000, Test Num : 29
# Executed 100000 pipe operations between two tasks

     Total time: 9.274 [sec]

      92.747660 usecs/op
          10781 ops/sec
GROUP : 100000, Test Num : 30
# Executed 100000 pipe operations between two tasks

     Total time: 9.141 [sec]

      91.411560 usecs/op
          10939 ops/sec
GROUP : 100000, Test Num : 31
# Executed 100000 pipe operations between two tasks

     Total time: 9.204 [sec]

      92.049500 usecs/op
          10863 ops/sec
GROUP : 100000, Test Num : 32
# Executed 100000 pipe operations between two tasks

     Total time: 9.114 [sec]

      91.142990 usecs/op
          10971 ops/sec
GROUP : 100000, Test Num : 33
# Executed 100000 pipe operations between two tasks

     Total time: 9.216 [sec]

      92.160490 usecs/op
          10850 ops/sec
GROUP : 100000, Test Num : 34
# Executed 100000 pipe operations between two tasks

     Total time: 9.155 [sec]

      91.558130 usecs/op
          10922 ops/sec
GROUP : 100000, Test Num : 35
# Executed 100000 pipe operations between two tasks

     Total time: 9.254 [sec]

      92.540750 usecs/op
          10806 ops/sec
GROUP : 100000, Test Num : 36
# Executed 100000 pipe operations between two tasks

     Total time: 9.184 [sec]

      91.846040 usecs/op
          10887 ops/sec
GROUP : 100000, Test Num : 37
# Executed 100000 pipe operations between two tasks

     Total time: 9.176 [sec]

      91.769770 usecs/op
          10896 ops/sec
GROUP : 100000, Test Num : 38
# Executed 100000 pipe operations between two tasks

     Total time: 9.180 [sec]

      91.805950 usecs/op
          10892 ops/sec
GROUP : 100000, Test Num : 39
# Executed 100000 pipe operations between two tasks

     Total time: 9.299 [sec]

      92.992130 usecs/op
          10753 ops/sec
GROUP : 100000, Test Num : 40
# Executed 100000 pipe operations between two tasks

     Total time: 9.102 [sec]

      91.026080 usecs/op
          10985 ops/sec
GROUP : 100000, Test Num : 41
# Executed 100000 pipe operations between two tasks

     Total time: 9.206 [sec]

      92.066140 usecs/op
          10861 ops/sec
GROUP : 100000, Test Num : 42
# Executed 100000 pipe operations between two tasks

     Total time: 9.274 [sec]

      92.747050 usecs/op
          10782 ops/sec
GROUP : 100000, Test Num : 43
# Executed 100000 pipe operations between two tasks

     Total time: 9.194 [sec]

      91.940140 usecs/op
          10876 ops/sec
GROUP : 100000, Test Num : 44
# Executed 100000 pipe operations between two tasks

     Total time: 9.209 [sec]

      92.092510 usecs/op
          10858 ops/sec
GROUP : 100000, Test Num : 45
# Executed 100000 pipe operations between two tasks

     Total time: 9.193 [sec]

      91.936070 usecs/op
          10877 ops/sec
GROUP : 100000, Test Num : 46
# Executed 100000 pipe operations between two tasks

     Total time: 9.239 [sec]

      92.391520 usecs/op
          10823 ops/sec
GROUP : 100000, Test Num : 47
# Executed 100000 pipe operations between two tasks

     Total time: 9.274 [sec]

      92.748740 usecs/op
          10781 ops/sec
GROUP : 100000, Test Num : 48
# Executed 100000 pipe operations between two tasks

     Total time: 9.248 [sec]

      92.485010 usecs/op
          10812 ops/sec
GROUP : 100000, Test Num : 49
# Executed 100000 pipe operations between two tasks

     Total time: 9.266 [sec]

      92.666070 usecs/op
          10791 ops/sec
GROUP : 100000, Test Num : 50
# Executed 100000 pipe operations between two tasks

     Total time: 9.207 [sec]

      92.074150 usecs/op
          10860 ops/sec
GROUP : 100000, Test Num : 51
# Executed 100000 pipe operations between two tasks

     Total time: 9.208 [sec]

      92.084040 usecs/op
          10859 ops/sec
GROUP : 100000, Test Num : 52
# Executed 100000 pipe operations between two tasks

     Total time: 9.198 [sec]

      91.985350 usecs/op
          10871 ops/sec
GROUP : 100000, Test Num : 53
# Executed 100000 pipe operations between two tasks

     Total time: 9.177 [sec]

      91.772150 usecs/op
          10896 ops/sec
GROUP : 100000, Test Num : 54
# Executed 100000 pipe operations between two tasks

     Total time: 9.183 [sec]

      91.839710 usecs/op
          10888 ops/sec
GROUP : 100000, Test Num : 55
# Executed 100000 pipe operations between two tasks

     Total time: 9.197 [sec]

      91.970100 usecs/op
          10873 ops/sec
GROUP : 100000, Test Num : 56
# Executed 100000 pipe operations between two tasks

     Total time: 9.233 [sec]

      92.335260 usecs/op
          10830 ops/sec
GROUP : 100000, Test Num : 57
# Executed 100000 pipe operations between two tasks

     Total time: 9.253 [sec]

      92.535520 usecs/op
          10806 ops/sec
GROUP : 100000, Test Num : 58
# Executed 100000 pipe operations between two tasks

     Total time: 9.245 [sec]

      92.451790 usecs/op
          10816 ops/sec
GROUP : 100000, Test Num : 59
# Executed 100000 pipe operations between two tasks

     Total time: 9.234 [sec]

      92.347820 usecs/op
          10828 ops/sec
GROUP : 100000, Test Num : 60
# Executed 100000 pipe operations between two tasks

     Total time: 9.231 [sec]

      92.316050 usecs/op
          10832 ops/sec
GROUP : 100000, Test Num : 61
# Executed 100000 pipe operations between two tasks

     Total time: 9.159 [sec]

      91.593100 usecs/op
          10917 ops/sec
GROUP : 100000, Test Num : 62
# Executed 100000 pipe operations between two tasks

     Total time: 9.196 [sec]

      91.965910 usecs/op
          10873 ops/sec
GROUP : 100000, Test Num : 63
# Executed 100000 pipe operations between two tasks

     Total time: 9.174 [sec]

      91.744870 usecs/op
          10899 ops/sec
GROUP : 100000, Test Num : 64
# Executed 100000 pipe operations between two tasks

     Total time: 9.210 [sec]

      92.104140 usecs/op
          10857 ops/sec
GROUP : 100000, Test Num : 65
# Executed 100000 pipe operations between two tasks

     Total time: 9.176 [sec]

      91.769510 usecs/op
          10896 ops/sec
GROUP : 100000, Test Num : 66
# Executed 100000 pipe operations between two tasks

     Total time: 9.233 [sec]

      92.331480 usecs/op
          10830 ops/sec
GROUP : 100000, Test Num : 67
# Executed 100000 pipe operations between two tasks

     Total time: 9.325 [sec]

      93.254550 usecs/op
          10723 ops/sec
GROUP : 100000, Test Num : 68
# Executed 100000 pipe operations between two tasks

     Total time: 9.254 [sec]

      92.548740 usecs/op
          10805 ops/sec
GROUP : 100000, Test Num : 69
# Executed 100000 pipe operations between two tasks

     Total time: 9.143 [sec]

      91.430470 usecs/op
          10937 ops/sec
GROUP : 100000, Test Num : 70
# Executed 100000 pipe operations between two tasks

     Total time: 9.224 [sec]

      92.248350 usecs/op
          10840 ops/sec
GROUP : 100000, Test Num : 71
# Executed 100000 pipe operations between two tasks

     Total time: 9.223 [sec]

      92.235290 usecs/op
          10841 ops/sec
GROUP : 100000, Test Num : 72
# Executed 100000 pipe operations between two tasks

     Total time: 9.291 [sec]

      92.911000 usecs/op
          10762 ops/sec
GROUP : 100000, Test Num : 73
# Executed 100000 pipe operations between two tasks

     Total time: 9.303 [sec]

      93.031070 usecs/op
          10749 ops/sec
GROUP : 100000, Test Num : 74
# Executed 100000 pipe operations between two tasks

     Total time: 9.155 [sec]

      91.559600 usecs/op
          10921 ops/sec
GROUP : 100000, Test Num : 75
# Executed 100000 pipe operations between two tasks

     Total time: 9.236 [sec]

      92.365610 usecs/op
          10826 ops/sec
GROUP : 100000, Test Num : 76
# Executed 100000 pipe operations between two tasks

     Total time: 9.248 [sec]

      92.487050 usecs/op
          10812 ops/sec
GROUP : 100000, Test Num : 77
# Executed 100000 pipe operations between two tasks

     Total time: 9.230 [sec]

      92.305920 usecs/op
          10833 ops/sec
GROUP : 100000, Test Num : 78
# Executed 100000 pipe operations between two tasks

     Total time: 9.245 [sec]

      92.454670 usecs/op
          10816 ops/sec
GROUP : 100000, Test Num : 79
# Executed 100000 pipe operations between two tasks

     Total time: 9.343 [sec]

      93.434700 usecs/op
          10702 ops/sec
GROUP : 100000, Test Num : 80
# Executed 100000 pipe operations between two tasks

     Total time: 9.179 [sec]

      91.796280 usecs/op
          10893 ops/sec
GROUP : 100000, Test Num : 81
# Executed 100000 pipe operations between two tasks

     Total time: 9.242 [sec]

      92.428060 usecs/op
          10819 ops/sec
GROUP : 100000, Test Num : 82
# Executed 100000 pipe operations between two tasks

     Total time: 9.253 [sec]

      92.539010 usecs/op
          10806 ops/sec
GROUP : 100000, Test Num : 83
# Executed 100000 pipe operations between two tasks

     Total time: 9.176 [sec]

      91.767150 usecs/op
          10897 ops/sec
GROUP : 100000, Test Num : 84
# Executed 100000 pipe operations between two tasks

     Total time: 9.295 [sec]

      92.958070 usecs/op
          10757 ops/sec
GROUP : 100000, Test Num : 85
# Executed 100000 pipe operations between two tasks

     Total time: 9.215 [sec]

      92.156000 usecs/op
          10851 ops/sec
GROUP : 100000, Test Num : 86
# Executed 100000 pipe operations between two tasks

     Total time: 9.112 [sec]

      91.128970 usecs/op
          10973 ops/sec
GROUP : 100000, Test Num : 87
# Executed 100000 pipe operations between two tasks

     Total time: 9.211 [sec]

      92.112640 usecs/op
          10856 ops/sec
GROUP : 100000, Test Num : 88
# Executed 100000 pipe operations between two tasks

     Total time: 9.203 [sec]

      92.034090 usecs/op
          10865 ops/sec
GROUP : 100000, Test Num : 89
# Executed 100000 pipe operations between two tasks

     Total time: 9.213 [sec]

      92.139810 usecs/op
          10853 ops/sec
GROUP : 100000, Test Num : 90
# Executed 100000 pipe operations between two tasks

     Total time: 9.189 [sec]

      91.894580 usecs/op
          10882 ops/sec
GROUP : 100000, Test Num : 91
# Executed 100000 pipe operations between two tasks

     Total time: 9.253 [sec]

      92.538790 usecs/op
          10806 ops/sec
GROUP : 100000, Test Num : 92
# Executed 100000 pipe operations between two tasks

     Total time: 9.210 [sec]

      92.103690 usecs/op
          10857 ops/sec
GROUP : 100000, Test Num : 93
# Executed 100000 pipe operations between two tasks

     Total time: 9.153 [sec]

      91.537140 usecs/op
          10924 ops/sec
GROUP : 100000, Test Num : 94
# Executed 100000 pipe operations between two tasks

     Total time: 9.253 [sec]

      92.530710 usecs/op
          10807 ops/sec
GROUP : 100000, Test Num : 95
# Executed 100000 pipe operations between two tasks

     Total time: 9.218 [sec]

      92.188640 usecs/op
          10847 ops/sec
GROUP : 100000, Test Num : 96
# Executed 100000 pipe operations between two tasks

     Total time: 9.217 [sec]

      92.175570 usecs/op
          10848 ops/sec
GROUP : 100000, Test Num : 97
# Executed 100000 pipe operations between two tasks

     Total time: 9.133 [sec]

      91.336990 usecs/op
          10948 ops/sec
GROUP : 100000, Test Num : 98
# Executed 100000 pipe operations between two tasks

     Total time: 9.256 [sec]

      92.560440 usecs/op
          10803 ops/sec
GROUP : 100000, Test Num : 99
# Executed 100000 pipe operations between two tasks

     Total time: 9.202 [sec]

      92.029940 usecs/op
          10866 ops/sec
GROUP : 100000, Test Num : 100
# Executed 100000 pipe operations between two tasks

     Total time: 9.285 [sec]

      92.854520 usecs/op
          10769 ops/sec
