GROUP : 100000, Test Num : 1
# Executed 100000 pipe operations between two tasks

     Total time: 9.189 [sec]

      91.899240 usecs/op
          10881 ops/sec
GROUP : 100000, Test Num : 2
# Executed 100000 pipe operations between two tasks

     Total time: 9.226 [sec]

      92.260320 usecs/op
          10838 ops/sec
GROUP : 100000, Test Num : 3
# Executed 100000 pipe operations between two tasks

     Total time: 9.295 [sec]

      92.958540 usecs/op
          10757 ops/sec
GROUP : 100000, Test Num : 4
# Executed 100000 pipe operations between two tasks

     Total time: 9.241 [sec]

      92.410120 usecs/op
          10821 ops/sec
GROUP : 100000, Test Num : 5
# Executed 100000 pipe operations between two tasks

     Total time: 9.288 [sec]

      92.889390 usecs/op
          10765 ops/sec
GROUP : 100000, Test Num : 6
# Executed 100000 pipe operations between two tasks

     Total time: 9.264 [sec]

      92.648170 usecs/op
          10793 ops/sec
GROUP : 100000, Test Num : 7
# Executed 100000 pipe operations between two tasks

     Total time: 9.196 [sec]

      91.962720 usecs/op
          10873 ops/sec
GROUP : 100000, Test Num : 8
# Executed 100000 pipe operations between two tasks

     Total time: 9.217 [sec]

      92.175040 usecs/op
          10848 ops/sec
GROUP : 100000, Test Num : 9
# Executed 100000 pipe operations between two tasks

     Total time: 9.293 [sec]

      92.933900 usecs/op
          10760 ops/sec
GROUP : 100000, Test Num : 10
# Executed 100000 pipe operations between two tasks

     Total time: 9.261 [sec]

      92.617470 usecs/op
          10797 ops/sec
