GROUP : 800000, Test Num : 1
# Executed 800000 pipe operations between two tasks

     Total time: 74.159 [sec]

      92.699016 usecs/op
          10787 ops/sec
GROUP : 800000, Test Num : 2
# Executed 800000 pipe operations between two tasks

     Total time: 74.223 [sec]

      92.779875 usecs/op
          10778 ops/sec
GROUP : 800000, Test Num : 3
# Executed 800000 pipe operations between two tasks

     Total time: 74.213 [sec]

      92.767422 usecs/op
          10779 ops/sec
GROUP : 800000, Test Num : 4
# Executed 800000 pipe operations between two tasks

     Total time: 74.589 [sec]

      93.236418 usecs/op
          10725 ops/sec
GROUP : 800000, Test Num : 5
# Executed 800000 pipe operations between two tasks

     Total time: 74.274 [sec]

      92.843672 usecs/op
          10770 ops/sec
GROUP : 800000, Test Num : 6
# Executed 800000 pipe operations between two tasks

     Total time: 74.189 [sec]

      92.736638 usecs/op
          10783 ops/sec
GROUP : 800000, Test Num : 7
# Executed 800000 pipe operations between two tasks

     Total time: 74.692 [sec]

      93.365226 usecs/op
          10710 ops/sec
GROUP : 800000, Test Num : 8
# Executed 800000 pipe operations between two tasks

     Total time: 74.576 [sec]

      93.220291 usecs/op
          10727 ops/sec
GROUP : 800000, Test Num : 9
# Executed 800000 pipe operations between two tasks

     Total time: 73.643 [sec]

      92.054891 usecs/op
          10863 ops/sec
GROUP : 800000, Test Num : 10
# Executed 800000 pipe operations between two tasks

     Total time: 74.052 [sec]

      92.565117 usecs/op
          10803 ops/sec
