GROUP : 3000, Test Num : 1
# Executed 3000 pipe operations between two tasks

     Total time: 0.155 [sec]

      51.827000 usecs/op
          19294 ops/sec
GROUP : 3000, Test Num : 2
# Executed 3000 pipe operations between two tasks

     Total time: 0.264 [sec]

      88.233333 usecs/op
          11333 ops/sec
GROUP : 3000, Test Num : 3
# Executed 3000 pipe operations between two tasks

     Total time: 0.263 [sec]

      87.775000 usecs/op
          11392 ops/sec
GROUP : 3000, Test Num : 4
# Executed 3000 pipe operations between two tasks

     Total time: 0.260 [sec]

      86.712333 usecs/op
          11532 ops/sec
GROUP : 3000, Test Num : 5
# Executed 3000 pipe operations between two tasks

     Total time: 0.257 [sec]

      85.971333 usecs/op
          11631 ops/sec
GROUP : 3000, Test Num : 6
# Executed 3000 pipe operations between two tasks

     Total time: 0.207 [sec]

      69.195667 usecs/op
          14451 ops/sec
GROUP : 3000, Test Num : 7
# Executed 3000 pipe operations between two tasks

     Total time: 0.215 [sec]

      71.866000 usecs/op
          13914 ops/sec
GROUP : 3000, Test Num : 8
# Executed 3000 pipe operations between two tasks

     Total time: 0.211 [sec]

      70.638333 usecs/op
          14156 ops/sec
GROUP : 3000, Test Num : 9
# Executed 3000 pipe operations between two tasks

     Total time: 0.213 [sec]

      71.128333 usecs/op
          14059 ops/sec
GROUP : 3000, Test Num : 10
# Executed 3000 pipe operations between two tasks

     Total time: 0.234 [sec]

      78.178333 usecs/op
          12791 ops/sec
