GROUP : 8000, Test Num : 1
# Executed 8000 pipe operations between two tasks

     Total time: 0.621 [sec]

      77.734125 usecs/op
          12864 ops/sec
GROUP : 8000, Test Num : 2
# Executed 8000 pipe operations between two tasks

     Total time: 0.725 [sec]

      90.707750 usecs/op
          11024 ops/sec
GROUP : 8000, Test Num : 3
# Executed 8000 pipe operations between two tasks

     Total time: 0.668 [sec]

      83.585375 usecs/op
          11963 ops/sec
GROUP : 8000, Test Num : 4
# Executed 8000 pipe operations between two tasks

     Total time: 0.680 [sec]

      85.060000 usecs/op
          11756 ops/sec
GROUP : 8000, Test Num : 5
# Executed 8000 pipe operations between two tasks

     Total time: 0.725 [sec]

      90.699375 usecs/op
          11025 ops/sec
GROUP : 8000, Test Num : 6
# Executed 8000 pipe operations between two tasks

     Total time: 0.717 [sec]

      89.658000 usecs/op
          11153 ops/sec
GROUP : 8000, Test Num : 7
# Executed 8000 pipe operations between two tasks

     Total time: 0.649 [sec]

      81.174000 usecs/op
          12319 ops/sec
GROUP : 8000, Test Num : 8
# Executed 8000 pipe operations between two tasks

     Total time: 0.721 [sec]

      90.148125 usecs/op
          11092 ops/sec
GROUP : 8000, Test Num : 9
# Executed 8000 pipe operations between two tasks

     Total time: 0.674 [sec]

      84.321000 usecs/op
          11859 ops/sec
GROUP : 8000, Test Num : 10
# Executed 8000 pipe operations between two tasks

     Total time: 0.726 [sec]

      90.796500 usecs/op
          11013 ops/sec
