GROUP : 1000000, Test Num : 1
# Executed 1000000 pipe operations between two tasks

     Total time: 91.774 [sec]

      91.774266 usecs/op
          10896 ops/sec
GROUP : 1000000, Test Num : 2
# Executed 1000000 pipe operations between two tasks

     Total time: 91.922 [sec]

      91.922434 usecs/op
          10878 ops/sec
GROUP : 1000000, Test Num : 3
# Executed 1000000 pipe operations between two tasks

     Total time: 92.271 [sec]

      92.271540 usecs/op
          10837 ops/sec
GROUP : 1000000, Test Num : 4
# Executed 1000000 pipe operations between two tasks

     Total time: 92.374 [sec]

      92.374892 usecs/op
          10825 ops/sec
GROUP : 1000000, Test Num : 5
# Executed 1000000 pipe operations between two tasks

     Total time: 92.236 [sec]

      92.236729 usecs/op
          10841 ops/sec
GROUP : 1000000, Test Num : 6
# Executed 1000000 pipe operations between two tasks

     Total time: 91.993 [sec]

      91.993089 usecs/op
          10870 ops/sec
GROUP : 1000000, Test Num : 7
# Executed 1000000 pipe operations between two tasks

     Total time: 91.982 [sec]

      91.982068 usecs/op
          10871 ops/sec
GROUP : 1000000, Test Num : 8
# Executed 1000000 pipe operations between two tasks

     Total time: 92.515 [sec]

      92.515510 usecs/op
          10808 ops/sec
GROUP : 1000000, Test Num : 9
# Executed 1000000 pipe operations between two tasks

     Total time: 92.294 [sec]

      92.294885 usecs/op
          10834 ops/sec
GROUP : 1000000, Test Num : 10
# Executed 1000000 pipe operations between two tasks

     Total time: 92.354 [sec]

      92.354539 usecs/op
          10827 ops/sec
GROUP : 1000000, Test Num : 11
# Executed 1000000 pipe operations between two tasks

     Total time: 91.966 [sec]

      91.966282 usecs/op
          10873 ops/sec
GROUP : 1000000, Test Num : 12
# Executed 1000000 pipe operations between two tasks

     Total time: 92.751 [sec]

      92.751480 usecs/op
          10781 ops/sec
GROUP : 1000000, Test Num : 13
# Executed 1000000 pipe operations between two tasks

     Total time: 92.634 [sec]

      92.634501 usecs/op
          10795 ops/sec
GROUP : 1000000, Test Num : 14
# Executed 1000000 pipe operations between two tasks

     Total time: 92.043 [sec]

      92.043803 usecs/op
          10864 ops/sec
GROUP : 1000000, Test Num : 15
# Executed 1000000 pipe operations between two tasks

     Total time: 92.101 [sec]

      92.101603 usecs/op
          10857 ops/sec
GROUP : 1000000, Test Num : 16
# Executed 1000000 pipe operations between two tasks

     Total time: 92.274 [sec]

      92.274835 usecs/op
          10837 ops/sec
GROUP : 1000000, Test Num : 17
# Executed 1000000 pipe operations between two tasks

     Total time: 92.511 [sec]

      92.511743 usecs/op
          10809 ops/sec
GROUP : 1000000, Test Num : 18
# Executed 1000000 pipe operations between two tasks

     Total time: 92.830 [sec]

      92.830206 usecs/op
          10772 ops/sec
GROUP : 1000000, Test Num : 19
# Executed 1000000 pipe operations between two tasks

     Total time: 92.308 [sec]

      92.308179 usecs/op
          10833 ops/sec
GROUP : 1000000, Test Num : 20
# Executed 1000000 pipe operations between two tasks

     Total time: 92.461 [sec]

      92.461017 usecs/op
          10815 ops/sec
GROUP : 1000000, Test Num : 21
# Executed 1000000 pipe operations between two tasks

     Total time: 92.855 [sec]

      92.855202 usecs/op
          10769 ops/sec
GROUP : 1000000, Test Num : 22
# Executed 1000000 pipe operations between two tasks

     Total time: 92.640 [sec]

      92.640097 usecs/op
          10794 ops/sec
GROUP : 1000000, Test Num : 23
# Executed 1000000 pipe operations between two tasks

     Total time: 92.825 [sec]

      92.825455 usecs/op
          10772 ops/sec
GROUP : 1000000, Test Num : 24
# Executed 1000000 pipe operations between two tasks

     Total time: 92.792 [sec]

      92.792349 usecs/op
          10776 ops/sec
GROUP : 1000000, Test Num : 25
# Executed 1000000 pipe operations between two tasks

     Total time: 93.334 [sec]

      93.334816 usecs/op
          10714 ops/sec
GROUP : 1000000, Test Num : 26
# Executed 1000000 pipe operations between two tasks

     Total time: 93.371 [sec]

      93.371889 usecs/op
          10709 ops/sec
GROUP : 1000000, Test Num : 27
# Executed 1000000 pipe operations between two tasks

     Total time: 92.141 [sec]

      92.141193 usecs/op
          10852 ops/sec
GROUP : 1000000, Test Num : 28
# Executed 1000000 pipe operations between two tasks

     Total time: 91.603 [sec]

      91.603762 usecs/op
          10916 ops/sec
GROUP : 1000000, Test Num : 29
# Executed 1000000 pipe operations between two tasks

     Total time: 91.442 [sec]

      91.442698 usecs/op
          10935 ops/sec
GROUP : 1000000, Test Num : 30
# Executed 1000000 pipe operations between two tasks

     Total time: 91.564 [sec]

      91.564649 usecs/op
          10921 ops/sec
GROUP : 1000000, Test Num : 31
# Executed 1000000 pipe operations between two tasks

     Total time: 92.404 [sec]

      92.404710 usecs/op
          10821 ops/sec
GROUP : 1000000, Test Num : 32
# Executed 1000000 pipe operations between two tasks

     Total time: 92.017 [sec]

      92.017897 usecs/op
          10867 ops/sec
GROUP : 1000000, Test Num : 33
# Executed 1000000 pipe operations between two tasks

     Total time: 92.161 [sec]

      92.161153 usecs/op
          10850 ops/sec
GROUP : 1000000, Test Num : 34
# Executed 1000000 pipe operations between two tasks

     Total time: 91.871 [sec]

      91.871486 usecs/op
          10884 ops/sec
GROUP : 1000000, Test Num : 35
# Executed 1000000 pipe operations between two tasks

     Total time: 92.223 [sec]

      92.223080 usecs/op
          10843 ops/sec
GROUP : 1000000, Test Num : 36
# Executed 1000000 pipe operations between two tasks

     Total time: 92.283 [sec]

      92.283638 usecs/op
          10836 ops/sec
GROUP : 1000000, Test Num : 37
# Executed 1000000 pipe operations between two tasks

     Total time: 92.449 [sec]

      92.449674 usecs/op
          10816 ops/sec
GROUP : 1000000, Test Num : 38
# Executed 1000000 pipe operations between two tasks

     Total time: 92.606 [sec]

      92.606670 usecs/op
          10798 ops/sec
GROUP : 1000000, Test Num : 39
# Executed 1000000 pipe operations between two tasks

     Total time: 92.373 [sec]

      92.373864 usecs/op
          10825 ops/sec
GROUP : 1000000, Test Num : 40
# Executed 1000000 pipe operations between two tasks

     Total time: 92.406 [sec]

      92.406030 usecs/op
          10821 ops/sec
GROUP : 1000000, Test Num : 41
# Executed 1000000 pipe operations between two tasks

     Total time: 92.793 [sec]

      92.793196 usecs/op
          10776 ops/sec
GROUP : 1000000, Test Num : 42
# Executed 1000000 pipe operations between two tasks

     Total time: 92.778 [sec]

      92.778440 usecs/op
          10778 ops/sec
GROUP : 1000000, Test Num : 43
# Executed 1000000 pipe operations between two tasks

     Total time: 92.433 [sec]

      92.433140 usecs/op
          10818 ops/sec
GROUP : 1000000, Test Num : 44
# Executed 1000000 pipe operations between two tasks

     Total time: 92.806 [sec]

      92.806046 usecs/op
          10775 ops/sec
GROUP : 1000000, Test Num : 45
# Executed 1000000 pipe operations between two tasks

     Total time: 92.844 [sec]

      92.844769 usecs/op
          10770 ops/sec
GROUP : 1000000, Test Num : 46
# Executed 1000000 pipe operations between two tasks

     Total time: 92.603 [sec]

      92.603711 usecs/op
          10798 ops/sec
GROUP : 1000000, Test Num : 47
# Executed 1000000 pipe operations between two tasks

     Total time: 92.479 [sec]

      92.479223 usecs/op
          10813 ops/sec
GROUP : 1000000, Test Num : 48
# Executed 1000000 pipe operations between two tasks

     Total time: 92.543 [sec]

      92.543505 usecs/op
          10805 ops/sec
GROUP : 1000000, Test Num : 49
# Executed 1000000 pipe operations between two tasks

     Total time: 92.534 [sec]

      92.534814 usecs/op
          10806 ops/sec
GROUP : 1000000, Test Num : 50
# Executed 1000000 pipe operations between two tasks

     Total time: 92.574 [sec]

      92.574686 usecs/op
          10802 ops/sec
GROUP : 1000000, Test Num : 51
# Executed 1000000 pipe operations between two tasks

     Total time: 92.847 [sec]

      92.847763 usecs/op
          10770 ops/sec
GROUP : 1000000, Test Num : 52
# Executed 1000000 pipe operations between two tasks

     Total time: 92.134 [sec]

      92.134566 usecs/op
          10853 ops/sec
GROUP : 1000000, Test Num : 53
# Executed 1000000 pipe operations between two tasks

     Total time: 92.757 [sec]

      92.757423 usecs/op
          10780 ops/sec
GROUP : 1000000, Test Num : 54
# Executed 1000000 pipe operations between two tasks

     Total time: 92.398 [sec]

      92.398608 usecs/op
          10822 ops/sec
GROUP : 1000000, Test Num : 55
# Executed 1000000 pipe operations between two tasks

     Total time: 91.931 [sec]

      91.931256 usecs/op
          10877 ops/sec
GROUP : 1000000, Test Num : 56
# Executed 1000000 pipe operations between two tasks

     Total time: 92.380 [sec]

      92.380332 usecs/op
          10824 ops/sec
GROUP : 1000000, Test Num : 57
# Executed 1000000 pipe operations between two tasks

     Total time: 92.416 [sec]

      92.416721 usecs/op
          10820 ops/sec
GROUP : 1000000, Test Num : 58
# Executed 1000000 pipe operations between two tasks

     Total time: 91.749 [sec]

      91.749320 usecs/op
          10899 ops/sec
GROUP : 1000000, Test Num : 59
# Executed 1000000 pipe operations between two tasks

     Total time: 92.486 [sec]

      92.486078 usecs/op
          10812 ops/sec
GROUP : 1000000, Test Num : 60
# Executed 1000000 pipe operations between two tasks

     Total time: 92.447 [sec]

      92.447225 usecs/op
          10816 ops/sec
GROUP : 1000000, Test Num : 61
# Executed 1000000 pipe operations between two tasks

     Total time: 92.204 [sec]

      92.204837 usecs/op
          10845 ops/sec
GROUP : 1000000, Test Num : 62
# Executed 1000000 pipe operations between two tasks

     Total time: 92.187 [sec]

      92.187320 usecs/op
          10847 ops/sec
GROUP : 1000000, Test Num : 63
# Executed 1000000 pipe operations between two tasks

     Total time: 92.390 [sec]

      92.390512 usecs/op
          10823 ops/sec
GROUP : 1000000, Test Num : 64
# Executed 1000000 pipe operations between two tasks

     Total time: 92.390 [sec]

      92.390746 usecs/op
          10823 ops/sec
GROUP : 1000000, Test Num : 65
# Executed 1000000 pipe operations between two tasks

     Total time: 92.484 [sec]

      92.484988 usecs/op
          10812 ops/sec
GROUP : 1000000, Test Num : 66
# Executed 1000000 pipe operations between two tasks

     Total time: 92.093 [sec]

      92.093899 usecs/op
          10858 ops/sec
GROUP : 1000000, Test Num : 67
# Executed 1000000 pipe operations between two tasks

     Total time: 92.349 [sec]

      92.349477 usecs/op
          10828 ops/sec
GROUP : 1000000, Test Num : 68
# Executed 1000000 pipe operations between two tasks

     Total time: 92.783 [sec]

      92.783534 usecs/op
          10777 ops/sec
GROUP : 1000000, Test Num : 69
# Executed 1000000 pipe operations between two tasks

     Total time: 92.447 [sec]

      92.447404 usecs/op
          10816 ops/sec
GROUP : 1000000, Test Num : 70
# Executed 1000000 pipe operations between two tasks

     Total time: 92.541 [sec]

      92.541808 usecs/op
          10805 ops/sec
GROUP : 1000000, Test Num : 71
# Executed 1000000 pipe operations between two tasks

     Total time: 92.141 [sec]

      92.141972 usecs/op
          10852 ops/sec
GROUP : 1000000, Test Num : 72
# Executed 1000000 pipe operations between two tasks

     Total time: 92.187 [sec]

      92.187111 usecs/op
          10847 ops/sec
GROUP : 1000000, Test Num : 73
# Executed 1000000 pipe operations between two tasks

     Total time: 92.370 [sec]

      92.370048 usecs/op
          10826 ops/sec
GROUP : 1000000, Test Num : 74
# Executed 1000000 pipe operations between two tasks

     Total time: 92.162 [sec]

      92.162435 usecs/op
          10850 ops/sec
GROUP : 1000000, Test Num : 75
# Executed 1000000 pipe operations between two tasks

     Total time: 93.024 [sec]

      93.024035 usecs/op
          10749 ops/sec
GROUP : 1000000, Test Num : 76
# Executed 1000000 pipe operations between two tasks

     Total time: 92.508 [sec]

      92.508032 usecs/op
          10809 ops/sec
GROUP : 1000000, Test Num : 77
# Executed 1000000 pipe operations between two tasks

     Total time: 92.836 [sec]

      92.836633 usecs/op
          10771 ops/sec
GROUP : 1000000, Test Num : 78
# Executed 1000000 pipe operations between two tasks

     Total time: 92.422 [sec]

      92.422268 usecs/op
          10819 ops/sec
GROUP : 1000000, Test Num : 79
# Executed 1000000 pipe operations between two tasks

     Total time: 92.376 [sec]

      92.376813 usecs/op
          10825 ops/sec
GROUP : 1000000, Test Num : 80
# Executed 1000000 pipe operations between two tasks

     Total time: 92.625 [sec]

      92.625296 usecs/op
          10796 ops/sec
GROUP : 1000000, Test Num : 81
# Executed 1000000 pipe operations between two tasks

     Total time: 92.555 [sec]

      92.555200 usecs/op
          10804 ops/sec
GROUP : 1000000, Test Num : 82
# Executed 1000000 pipe operations between two tasks

     Total time: 91.552 [sec]

      91.552934 usecs/op
          10922 ops/sec
GROUP : 1000000, Test Num : 83
# Executed 1000000 pipe operations between two tasks

     Total time: 91.921 [sec]

      91.921131 usecs/op
          10878 ops/sec
GROUP : 1000000, Test Num : 84
# Executed 1000000 pipe operations between two tasks

     Total time: 91.736 [sec]

      91.736646 usecs/op
          10900 ops/sec
GROUP : 1000000, Test Num : 85
# Executed 1000000 pipe operations between two tasks

     Total time: 91.832 [sec]

      91.832232 usecs/op
          10889 ops/sec
GROUP : 1000000, Test Num : 86
# Executed 1000000 pipe operations between two tasks

     Total time: 92.272 [sec]

      92.272695 usecs/op
          10837 ops/sec
GROUP : 1000000, Test Num : 87
# Executed 1000000 pipe operations between two tasks

     Total time: 92.186 [sec]

      92.186471 usecs/op
          10847 ops/sec
GROUP : 1000000, Test Num : 88
# Executed 1000000 pipe operations between two tasks

     Total time: 92.007 [sec]

      92.007891 usecs/op
          10868 ops/sec
GROUP : 1000000, Test Num : 89
# Executed 1000000 pipe operations between two tasks

     Total time: 91.575 [sec]

      91.575055 usecs/op
          10920 ops/sec
GROUP : 1000000, Test Num : 90
# Executed 1000000 pipe operations between two tasks

     Total time: 91.913 [sec]

      91.913175 usecs/op
          10879 ops/sec
GROUP : 1000000, Test Num : 91
# Executed 1000000 pipe operations between two tasks

     Total time: 92.200 [sec]

      92.200994 usecs/op
          10845 ops/sec
GROUP : 1000000, Test Num : 92
# Executed 1000000 pipe operations between two tasks

     Total time: 91.745 [sec]

      91.745941 usecs/op
          10899 ops/sec
GROUP : 1000000, Test Num : 93
# Executed 1000000 pipe operations between two tasks

     Total time: 92.474 [sec]

      92.474129 usecs/op
          10813 ops/sec
GROUP : 1000000, Test Num : 94
# Executed 1000000 pipe operations between two tasks

     Total time: 92.513 [sec]

      92.513095 usecs/op
          10809 ops/sec
GROUP : 1000000, Test Num : 95
# Executed 1000000 pipe operations between two tasks

     Total time: 92.906 [sec]

      92.906422 usecs/op
          10763 ops/sec
GROUP : 1000000, Test Num : 96
# Executed 1000000 pipe operations between two tasks

     Total time: 92.205 [sec]

      92.205211 usecs/op
          10845 ops/sec
GROUP : 1000000, Test Num : 97
# Executed 1000000 pipe operations between two tasks

     Total time: 92.804 [sec]

      92.804334 usecs/op
          10775 ops/sec
GROUP : 1000000, Test Num : 98
# Executed 1000000 pipe operations between two tasks

     Total time: 92.435 [sec]

      92.435529 usecs/op
          10818 ops/sec
GROUP : 1000000, Test Num : 99
# Executed 1000000 pipe operations between two tasks

     Total time: 92.856 [sec]

      92.856684 usecs/op
          10769 ops/sec
GROUP : 1000000, Test Num : 100
# Executed 1000000 pipe operations between two tasks

     Total time: 92.335 [sec]

      92.335505 usecs/op
          10830 ops/sec
